<?xml version="1.0" encoding="UTF-8"?>
<!-- Generated by org.testng.reporters.JUnitXMLReporter -->
<testsuite hostname="DESKTOP-O0R880F" ignored="0" name="complextwo" tests="1" failures="1" timestamp="2023-01-18T02:03:31 AST" time="8.177" errors="0">
  <testcase name="ComplexTwo" time="0.0" classname="testcases.TC06_ComplexTwo">
    <failure type="java.lang.NullPointerException">
      <![CDATA[java.lang.NullPointerException
at testcases.TC06_ComplexTwo.ComplexTwo(TC06_ComplexTwo.java:16)
at java.util.ArrayList.forEach(ArrayList.java:1257)
at com.intellij.rt.testng.IDEARemoteTestNG.run(IDEARemoteTestNG.java:66)
at com.intellij.rt.testng.RemoteTestNGStarter.main(RemoteTestNGStarter.java:109)
... Removed 24 stack frames]]>
    </failure>
  </testcase> <!-- ComplexTwo -->
</testsuite> <!-- complextwo -->
