<?xml version="1.0" encoding="UTF-8"?>
<testng-results skipped="0" failed="0" ignored="0" total="4" passed="4">
  <reporter-output>
  </reporter-output>
  <suite name="check_sum_operation" duration-ms="55592" started-at="2023-01-13T19:21:23 AST" finished-at="2023-01-13T19:22:19 AST">
    <groups>
    </groups>
    <test name="checksumoperation" duration-ms="15969" started-at="2023-01-13T19:21:23 AST" finished-at="2023-01-13T19:21:39 AST">
      <class name="testcases.TC01_Checksum">
        <test-method status="PASS" signature="prepare()[pri:0, instance:testcases.TC01_Checksum@3a883ce7]" name="prepare" is-config="true" duration-ms="9503" started-at="2023-01-13T19:21:23 AST" finished-at="2023-01-13T19:21:33 AST">
          <reporter-output>
          </reporter-output>
        </test-method> <!-- prepare -->
        <test-method status="PASS" signature="checksum()[pri:1, instance:testcases.TC01_Checksum@3a883ce7]" name="checksum" duration-ms="5757" started-at="2023-01-13T19:21:33 AST" description="check sum operation in the calculator" finished-at="2023-01-13T19:21:39 AST">
          <reporter-output>
          </reporter-output>
        </test-method> <!-- checksum -->
        <test-method status="PASS" signature="TearDown()[pri:0, instance:testcases.TC01_Checksum@3a883ce7]" name="TearDown" is-config="true" duration-ms="635" started-at="2023-01-13T19:21:39 AST" finished-at="2023-01-13T19:21:39 AST">
          <reporter-output>
          </reporter-output>
        </test-method> <!-- TearDown -->
      </class> <!-- testcases.TC01_Checksum -->
    </test> <!-- checksumoperation -->
    <test name="check different" duration-ms="13137" started-at="2023-01-13T19:21:39 AST" finished-at="2023-01-13T19:21:52 AST">
      <class name="testcases.TC02_CheckDifferent">
        <test-method status="PASS" signature="prepare()[pri:0, instance:testcases.TC02_CheckDifferent@53f65459]" name="prepare" is-config="true" duration-ms="7319" started-at="2023-01-13T19:21:39 AST" finished-at="2023-01-13T19:21:47 AST">
          <reporter-output>
          </reporter-output>
        </test-method> <!-- prepare -->
        <test-method status="PASS" signature="CheckDifferent()[pri:2, instance:testcases.TC02_CheckDifferent@53f65459]" name="CheckDifferent" duration-ms="5302" started-at="2023-01-13T19:21:47 AST" description="check Different operation in the calculator" finished-at="2023-01-13T19:21:52 AST">
          <reporter-output>
          </reporter-output>
        </test-method> <!-- CheckDifferent -->
        <test-method status="PASS" signature="TearDown()[pri:0, instance:testcases.TC02_CheckDifferent@53f65459]" name="TearDown" is-config="true" duration-ms="514" started-at="2023-01-13T19:21:52 AST" finished-at="2023-01-13T19:21:52 AST">
          <reporter-output>
          </reporter-output>
        </test-method> <!-- TearDown -->
      </class> <!-- testcases.TC02_CheckDifferent -->
    </test> <!-- check different -->
    <test name="check division" duration-ms="12973" started-at="2023-01-13T19:21:52 AST" finished-at="2023-01-13T19:22:05 AST">
      <class name="testcases.TC03_CheckDivision">
        <test-method status="PASS" signature="prepare()[pri:0, instance:testcases.TC03_CheckDivision@6acdbdf5]" name="prepare" is-config="true" duration-ms="7513" started-at="2023-01-13T19:21:52 AST" finished-at="2023-01-13T19:22:00 AST">
          <reporter-output>
          </reporter-output>
        </test-method> <!-- prepare -->
        <test-method status="PASS" signature="CheckDivision()[pri:3, instance:testcases.TC03_CheckDivision@6acdbdf5]" name="CheckDivision" duration-ms="4952" started-at="2023-01-13T19:22:00 AST" description="check Division the calculator" finished-at="2023-01-13T19:22:05 AST">
          <reporter-output>
          </reporter-output>
        </test-method> <!-- CheckDivision -->
        <test-method status="PASS" signature="TearDown()[pri:0, instance:testcases.TC03_CheckDivision@6acdbdf5]" name="TearDown" is-config="true" duration-ms="505" started-at="2023-01-13T19:22:05 AST" finished-at="2023-01-13T19:22:05 AST">
          <reporter-output>
          </reporter-output>
        </test-method> <!-- TearDown -->
      </class> <!-- testcases.TC03_CheckDivision -->
    </test> <!-- check division -->
    <test name="check multi" duration-ms="13434" started-at="2023-01-13T19:22:05 AST" finished-at="2023-01-13T19:22:19 AST">
      <class name="testcases.TC04_CheckMulti">
        <test-method status="PASS" signature="prepare()[pri:0, instance:testcases.TC04_CheckMulti@2833cc44]" name="prepare" is-config="true" duration-ms="7930" started-at="2023-01-13T19:22:05 AST" finished-at="2023-01-13T19:22:13 AST">
          <reporter-output>
          </reporter-output>
        </test-method> <!-- prepare -->
        <test-method status="PASS" signature="CheckMuliti()[pri:4, instance:testcases.TC04_CheckMulti@2833cc44]" name="CheckMuliti" duration-ms="4955" started-at="2023-01-13T19:22:13 AST" description="check multi in the calculator" finished-at="2023-01-13T19:22:18 AST">
          <reporter-output>
          </reporter-output>
        </test-method> <!-- CheckMuliti -->
        <test-method status="PASS" signature="TearDown()[pri:0, instance:testcases.TC04_CheckMulti@2833cc44]" name="TearDown" is-config="true" duration-ms="547" started-at="2023-01-13T19:22:18 AST" finished-at="2023-01-13T19:22:19 AST">
          <reporter-output>
          </reporter-output>
        </test-method> <!-- TearDown -->
      </class> <!-- testcases.TC04_CheckMulti -->
    </test> <!-- check multi -->
  </suite> <!-- check_sum_operation -->
</testng-results>
